[debug] [2021-08-24T14:27:07.238Z] ----------------------------------------------------------------------
[debug] [2021-08-24T14:27:07.242Z] Command:       C:\Program Files (x86)\nodejs\node.exe C:\Users\krish\AppData\Roaming\npm\node_modules\firebase-tools\lib\bin\firebase.js emulators:start
[debug] [2021-08-24T14:27:07.242Z] CLI Version:   7.0.0
[debug] [2021-08-24T14:27:07.242Z] Platform:      win32
[debug] [2021-08-24T14:27:07.242Z] Node Version:  v14.16.1
[debug] [2021-08-24T14:27:07.244Z] Time:          Tue Aug 24 2021 19:57:07 GMT+0530 (India Standard Time)
[debug] [2021-08-24T14:27:07.244Z] ----------------------------------------------------------------------
[debug] 
[debug] [2021-08-24T14:27:07.261Z] > command requires scopes: ["email","openid","https://www.googleapis.com/auth/cloudplatformprojects.readonly","https://www.googleapis.com/auth/firebase","https://www.googleapis.com/auth/cloud-platform"]
[debug] [2021-08-24T14:27:07.261Z] > authorizing via signed-in user
[debug] [2021-08-24T14:27:07.264Z] > refreshing access token with scopes: ["email","https://www.googleapis.com/auth/cloud-platform","https://www.googleapis.com/auth/cloudplatformprojects.readonly","https://www.googleapis.com/auth/firebase","openid"]
[debug] [2021-08-24T14:27:07.264Z] >>> HTTP REQUEST POST https://www.googleapis.com/oauth2/v3/token  
 <request body omitted>
[debug] [2021-08-24T14:27:07.667Z] <<< HTTP RESPONSE 200
[debug] [2021-08-24T14:27:07.722Z] >>> HTTP REQUEST GET https://cloudresourcemanager.googleapis.com/v1/projects/clone-86a0f  
 
[debug] [2021-08-24T14:27:09.325Z] <<< HTTP RESPONSE 200
[info] i  Starting emulators: ["functions","hosting"]
[warn] !  Your requested "node" version "8" doesn't match your global version "14"
[debug] [2021-08-24T14:27:09.459Z] >>> HTTP REQUEST GET https://mobilesdk-pa.googleapis.com/v1/projects/29493756823:getServerAppConfig  
 
[debug] [2021-08-24T14:27:10.291Z] <<< HTTP RESPONSE 200
[info] +  functions: Emulator started at http://localhost:5001
[debug] [2021-08-24T14:27:10.328Z] >>> HTTP REQUEST GET https://mobilesdk-pa.googleapis.com/v1/projects/29493756823/clients/_:getWebAppConfig  
 
[debug] [2021-08-24T14:27:11.769Z] <<< HTTP RESPONSE 200
[info] +  hosting: Emulator started at http://localhost:5000
[info] i  hosting: Serving hosting files from: build
[info] +  hosting: Local server: http://localhost:5000
[info] i  functions: Watching "C:\Users\krish\Desktop\amazon-project\amazon-clone\functions" for Cloud Functions...
[debug] [2021-08-24T14:27:13.031Z] Functions runtime initialized.
[debug] [2021-08-24T14:27:13.031Z] Disabled runtime features: undefined
[info] >  (node:19668) Warning: Accessing non-existent property 'padLevels' of module exports inside circular dependency
[info] >  (Use `node --trace-warnings ...` to show where the warning was created)
[debug] [2021-08-24T14:27:17.909Z] Found google-gax at C:\Users\krish\Desktop\amazon-project\amazon-clone\functions\node_modules\google-gax\build\src\index.js
[warn] !  TypeError: Cannot set property GrpcClient of #<Object> which has only a getter
    at C:\Users\krish\AppData\Roaming\npm\node_modules\firebase-tools\lib\emulator\functionsEmulatorRuntime.js:166:21
    at Array.map (<anonymous>)
    at InitializeNetworkFiltering (C:\Users\krish\AppData\Roaming\npm\node_modules\firebase-tools\lib\emulator\functionsEmulatorRuntime.js:159:39)
    at C:\Users\krish\AppData\Roaming\npm\node_modules\firebase-tools\lib\emulator\functionsEmulatorRuntime.js:517:13
    at Generator.next (<anonymous>)
    at fulfilled (C:\Users\krish\AppData\Roaming\npm\node_modules\firebase-tools\lib\emulator\functionsEmulatorRuntime.js:4:58)
    at processTicksAndRejections (internal/process/task_queues.js:93:5)
[warn] !  Your function was killed because it raised an unhandled error.
